<?xml version="1.0" encoding="UTF-8"?>
<coverage generated="1644480920484" clover="3.2.0">
  <project timestamp="1644480920484" name="All files">
    <metrics statements="39" coveredstatements="17" conditionals="8" coveredconditionals="4" methods="12" coveredmethods="2" elements="59" coveredelements="23" complexity="0" loc="39" ncloc="39" packages="1" files="3" classes="3"/>
    <file name="get-api.js" path="C:\Users\User\Desktop\team-work\JS-Capstone\src\module\get-api.js">
      <metrics statements="9" coveredstatements="5" conditionals="2" coveredconditionals="2" methods="3" coveredmethods="1"/>
      <line num="1" count="1" type="stmt"/>
      <line num="2" count="0" type="stmt"/>
      <line num="3" count="0" type="stmt"/>
      <line num="6" count="1" type="stmt"/>
      <line num="7" count="0" type="stmt"/>
      <line num="8" count="0" type="stmt"/>
      <line num="11" count="1" type="stmt"/>
      <line num="12" count="2" type="cond" truecount="2" falsecount="0"/>
      <line num="13" count="1" type="stmt"/>
    </file>
    <file name="interact.js" path="C:\Users\User\Desktop\team-work\JS-Capstone\src\module\interact.js">
      <metrics statements="7" coveredstatements="4" conditionals="0" coveredconditionals="0" methods="2" coveredmethods="0"/>
      <line num="1" count="1" type="stmt"/>
      <line num="2" count="1" type="stmt"/>
      <line num="4" count="1" type="stmt"/>
      <line num="5" count="0" type="stmt"/>
      <line num="14" count="1" type="stmt"/>
      <line num="15" count="0" type="stmt"/>
      <line num="21" count="0" type="stmt"/>
    </file>
    <file name="modal.js" path="C:\Users\User\Desktop\team-work\JS-Capstone\src\module\modal.js">
      <metrics statements="23" coveredstatements="8" conditionals="6" coveredconditionals="2" methods="7" coveredmethods="1"/>
      <line num="6" count="1" type="stmt"/>
      <line num="41" count="1" type="stmt"/>
      <line num="42" count="0" type="stmt"/>
      <line num="43" count="0" type="cond" truecount="0" falsecount="2"/>
      <line num="44" count="0" type="stmt"/>
      <line num="46" count="0" type="stmt"/>
      <line num="47" count="0" type="stmt"/>
      <line num="52" count="1" type="stmt"/>
      <line num="53" count="2" type="cond" truecount="2" falsecount="0"/>
      <line num="54" count="1" type="stmt"/>
      <line num="58" count="1" type="stmt"/>
      <line num="59" count="0" type="cond" truecount="0" falsecount="2"/>
      <line num="60" count="0" type="stmt"/>
      <line num="62" count="0" type="stmt"/>
      <line num="63" count="0" type="stmt"/>
      <line num="64" count="0" type="stmt"/>
      <line num="68" count="1" type="stmt"/>
      <line num="69" count="0" type="stmt"/>
      <line num="74" count="0" type="stmt"/>
      <line num="75" count="0" type="stmt"/>
      <line num="76" count="0" type="stmt"/>
      <line num="79" count="1" type="stmt"/>
      <line num="80" count="0" type="stmt"/>
    </file>
  </project>
</coverage>
