{"C:\\Users\\User\\Desktop\\team-work\\JS-Capstone\\src\\module\\get-api.js": {"path":"C:\\Users\\User\\Desktop\\team-work\\JS-Capstone\\src\\module\\get-api.js","statementMap":{"0":{"start":{"line":1,"column":25},"end":{"line":4,"column":3}},"1":{"start":{"line":2,"column":21},"end":{"line":2,"column":64}},"2":{"start":{"line":3,"column":4},"end":{"line":3,"column":27}},"3":{"start":{"line":6,"column":28},"end":{"line":9,"column":1}},"4":{"start":{"line":7,"column":19},"end":{"line":7,"column":68}},"5":{"start":{"line":8,"column":2},"end":{"line":8,"column":25}},"6":{"start":{"line":11,"column":27},"end":{"line":15,"column":1}},"7":{"start":{"line":12,"column":2},"end":{"line":14,"column":3}},"8":{"start":{"line":13,"column":4},"end":{"line":13,"column":75}}},"fnMap":{"0":{"name":"(anonymous_0)","decl":{"start":{"line":1,"column":25},"end":{"line":1,"column":26}},"loc":{"start":{"line":1,"column":37},"end":{"line":4,"column":3}},"line":1},"1":{"name":"(anonymous_1)","decl":{"start":{"line":6,"column":28},"end":{"line":6,"column":29}},"loc":{"start":{"line":6,"column":42},"end":{"line":9,"column":1}},"line":6},"2":{"name":"(anonymous_2)","decl":{"start":{"line":11,"column":27},"end":{"line":11,"column":28}},"loc":{"start":{"line":11,"column":39},"end":{"line":15,"column":1}},"line":11}},"branchMap":{"0":{"loc":{"start":{"line":12,"column":2},"end":{"line":14,"column":3}},"type":"if","locations":[{"start":{"line":12,"column":2},"end":{"line":14,"column":3}},{"start":{},"end":{}}],"line":12}},"s":{"0":1,"1":0,"2":0,"3":1,"4":0,"5":0,"6":1,"7":2,"8":1},"f":{"0":0,"1":0,"2":2},"b":{"0":[1,1]},"_coverageSchema":"1a1c01bbd47fc00a2c39e90264f33305004495a9","hash":"2da2d0980703d0da09201003195a5fe37bf47998"}
,"C:\\Users\\User\\Desktop\\team-work\\JS-Capstone\\src\\module\\interact.js": {"path":"C:\\Users\\User\\Desktop\\team-work\\JS-Capstone\\src\\module\\interact.js","statementMap":{"0":{"start":{"line":1,"column":23},"end":{"line":1,"column":92}},"1":{"start":{"line":2,"column":21},"end":{"line":2,"column":43}},"2":{"start":{"line":4,"column":23},"end":{"line":12,"column":1}},"3":{"start":{"line":5,"column":2},"end":{"line":11,"column":5}},"4":{"start":{"line":14,"column":24},"end":{"line":22,"column":1}},"5":{"start":{"line":15,"column":19},"end":{"line":20,"column":6}},"6":{"start":{"line":21,"column":2},"end":{"line":21,"column":25}}},"fnMap":{"0":{"name":"(anonymous_0)","decl":{"start":{"line":4,"column":23},"end":{"line":4,"column":24}},"loc":{"start":{"line":4,"column":41},"end":{"line":12,"column":1}},"line":4},"1":{"name":"(anonymous_1)","decl":{"start":{"line":14,"column":24},"end":{"line":14,"column":25}},"loc":{"start":{"line":14,"column":36},"end":{"line":22,"column":1}},"line":14}},"branchMap":{},"s":{"0":1,"1":1,"2":1,"3":0,"4":1,"5":0,"6":0},"f":{"0":0,"1":0},"b":{},"_coverageSchema":"1a1c01bbd47fc00a2c39e90264f33305004495a9","hash":"b7bb53a1dea49006e4c23cf52551e6c0228641ea"}
,"C:\\Users\\User\\Desktop\\team-work\\JS-Capstone\\src\\module\\modal.js": {"path":"C:\\Users\\User\\Desktop\\team-work\\JS-Capstone\\src\\module\\modal.js","statementMap":{"0":{"start":{"line":6,"column":21},"end":{"line":39,"column":19}},"1":{"start":{"line":6,"column":32},"end":{"line":39,"column":19}},"2":{"start":{"line":41,"column":24},"end":{"line":50,"column":1}},"3":{"start":{"line":42,"column":15},"end":{"line":42,"column":50}},"4":{"start":{"line":43,"column":2},"end":{"line":49,"column":3}},"5":{"start":{"line":44,"column":4},"end":{"line":44,"column":48}},"6":{"start":{"line":46,"column":4},"end":{"line":48,"column":7}},"7":{"start":{"line":47,"column":6},"end":{"line":47,"column":119}},"8":{"start":{"line":52,"column":29},"end":{"line":56,"column":1}},"9":{"start":{"line":53,"column":2},"end":{"line":55,"column":3}},"10":{"start":{"line":54,"column":4},"end":{"line":54,"column":108}},"11":{"start":{"line":58,"column":27},"end":{"line":66,"column":1}},"12":{"start":{"line":59,"column":2},"end":{"line":65,"column":3}},"13":{"start":{"line":60,"column":4},"end":{"line":60,"column":91}},"14":{"start":{"line":62,"column":15},"end":{"line":62,"column":63}},"15":{"start":{"line":63,"column":4},"end":{"line":63,"column":14}},"16":{"start":{"line":64,"column":4},"end":{"line":64,"column":57}},"17":{"start":{"line":68,"column":27},"end":{"line":77,"column":1}},"18":{"start":{"line":69,"column":19},"end":{"line":73,"column":4}},"19":{"start":{"line":74,"column":19},"end":{"line":74,"column":40}},"20":{"start":{"line":75,"column":2},"end":{"line":75,"column":28}},"21":{"start":{"line":76,"column":2},"end":{"line":76,"column":26}},"22":{"start":{"line":79,"column":26},"end":{"line":87,"column":1}},"23":{"start":{"line":80,"column":2},"end":{"line":86,"column":5}}},"fnMap":{"0":{"name":"(anonymous_0)","decl":{"start":{"line":6,"column":21},"end":{"line":6,"column":22}},"loc":{"start":{"line":6,"column":32},"end":{"line":39,"column":19}},"line":6},"1":{"name":"(anonymous_1)","decl":{"start":{"line":41,"column":24},"end":{"line":41,"column":25}},"loc":{"start":{"line":41,"column":38},"end":{"line":50,"column":1}},"line":41},"2":{"name":"(anonymous_2)","decl":{"start":{"line":46,"column":21},"end":{"line":46,"column":22}},"loc":{"start":{"line":46,"column":31},"end":{"line":48,"column":5}},"line":46},"3":{"name":"(anonymous_3)","decl":{"start":{"line":52,"column":29},"end":{"line":52,"column":30}},"loc":{"start":{"line":52,"column":43},"end":{"line":56,"column":1}},"line":52},"4":{"name":"(anonymous_4)","decl":{"start":{"line":58,"column":27},"end":{"line":58,"column":28}},"loc":{"start":{"line":58,"column":33},"end":{"line":66,"column":1}},"line":58},"5":{"name":"(anonymous_5)","decl":{"start":{"line":68,"column":27},"end":{"line":68,"column":28}},"loc":{"start":{"line":68,"column":46},"end":{"line":77,"column":1}},"line":68},"6":{"name":"(anonymous_6)","decl":{"start":{"line":79,"column":26},"end":{"line":79,"column":27}},"loc":{"start":{"line":79,"column":45},"end":{"line":87,"column":1}},"line":79}},"branchMap":{"0":{"loc":{"start":{"line":43,"column":2},"end":{"line":49,"column":3}},"type":"if","locations":[{"start":{"line":43,"column":2},"end":{"line":49,"column":3}},{"start":{"line":45,"column":9},"end":{"line":49,"column":3}}],"line":43},"1":{"loc":{"start":{"line":53,"column":2},"end":{"line":55,"column":3}},"type":"if","locations":[{"start":{"line":53,"column":2},"end":{"line":55,"column":3}},{"start":{},"end":{}}],"line":53},"2":{"loc":{"start":{"line":59,"column":2},"end":{"line":65,"column":3}},"type":"if","locations":[{"start":{"line":59,"column":2},"end":{"line":65,"column":3}},{"start":{"line":61,"column":9},"end":{"line":65,"column":3}}],"line":59}},"s":{"0":1,"1":0,"2":1,"3":0,"4":0,"5":0,"6":0,"7":0,"8":1,"9":2,"10":1,"11":1,"12":0,"13":0,"14":0,"15":0,"16":0,"17":1,"18":0,"19":0,"20":0,"21":0,"22":1,"23":0},"f":{"0":0,"1":0,"2":0,"3":2,"4":0,"5":0,"6":0},"b":{"0":[0,0],"1":[1,1],"2":[0,0]},"_coverageSchema":"1a1c01bbd47fc00a2c39e90264f33305004495a9","hash":"7dd881e5d3cbfc22d2f3fe747dc5413ba9b2f122"}
}
